[2019-07-23 13:11:24] api.ERROR: DataBase Error: SQLSTATE[23000]: Integrity constraint violation: 1062 Duplicate entry 'jaeeme' for key 'USER_UNIQUE' [] []
[2019-07-23 13:11:58] api.ERROR: DataBase Error: SQLSTATE[23000]: Integrity constraint violation: 1062 Duplicate entry 'jaeeme' for key 'USER_UNIQUE' [] []
[2019-07-23 13:12:38] api.ERROR: General Error: SMTP Error: Could not authenticate. [] []
[2019-07-23 13:13:37] api.ERROR: DataBase Error: SQLSTATE[23000]: Integrity constraint violation: 1062 Duplicate entry 'jaeeme' for key 'USER_UNIQUE' [] []
[2019-07-23 16:38:36] api.ERROR: DataBase Error: SQLSTATE[23000]: Integrity constraint violation: 1062 Duplicate entry 'jaeeme' for key 'USER_UNIQUE' [] []
[2019-07-23 16:40:47] api.ERROR: DataBase Error: SQLSTATE[23000]: Integrity constraint violation: 1062 Duplicate entry 'jaeeme' for key 'USER_UNIQUE' [] []
[2019-07-23 16:40:53] api.ERROR: DataBase Error: SQLSTATE[23000]: Integrity constraint violation: 1062 Duplicate entry 'jaeeme' for key 'USER_UNIQUE' [] []
[2019-07-23 16:42:15] api.ERROR: DataBase Error: SQLSTATE[23000]: Integrity constraint violation: 1062 Duplicate entry 'jaeeme' for key 'USER_UNIQUE' [] []
[2019-07-23 16:42:33] api.ERROR: DataBase Error: SQLSTATE[23000]: Integrity constraint violation: 1062 Duplicate entry 'jaeeme' for key 'USER_UNIQUE' [] []
[2019-07-23 16:43:07] api.ERROR: DataBase Error: SQLSTATE[23000]: Integrity constraint violation: 1062 Duplicate entry 'jaeeme' for key 'USER_UNIQUE' [] []
[2019-07-23 16:43:20] api.ERROR: DataBase Error: SQLSTATE[23000]: Integrity constraint violation: 1062 Duplicate entry 'jaeemew' for key 'USER_UNIQUE' [] []
[2019-07-23 16:45:16] api.ERROR: DataBase Error: SQLSTATE[23000]: Integrity constraint violation: 1062 Duplicate entry 'jaeemewdfff' for key 'USER_UNIQUE' [] []
[2019-07-23 16:45:32] api.ERROR: General Error: SMTP Error: Could not authenticate. [] []
[2019-07-23 16:45:40] api.ERROR: DataBase Error: SQLSTATE[23000]: Integrity constraint violation: 1062 Duplicate entry 'jaeeggggmewdfff' for key 'USER_UNIQUE' [] []
[2019-07-23 16:45:48] api.ERROR: General Error: SMTP Error: Could not authenticate. [] []
[2019-07-23 16:46:38] api.ERROR: General Error: SMTP Error: Could not authenticate. [] []
[2019-07-23 17:01:05] api.ERROR: General Error: Invalid address:  (Reply-To): Sita@12!@ [] []
[2019-07-23 17:08:52] api.ERROR: General Error: Invalid address:  (Reply-To): Sita@12!@ [] []
[2019-07-23 17:09:36] api.ERROR: General Error: Invalid address:  (Reply-To): Sita@12!@ [] []
[2019-07-23 17:10:12] api.ERROR: General Error: Invalid address:  (Reply-To): Sita@12!@ [] []
[2019-07-23 17:24:00] api.ERROR: DataBase Error: SQLSTATE[23000]: Integrity constraint violation: 1062 Duplicate entry 'jaeemekhan' for key 'USER_UNIQUE' [] []
[2019-07-23 17:30:33] api.ERROR: DataBase Error: SQLSTATE[23000]: Integrity constraint violation: 1062 Duplicate entry 'jaeemekhan' for key 'USER_UNIQUE' [] []
[2019-07-23 17:47:03] api.ERROR: DataBase Error: SQLSTATE[23000]: Integrity constraint violation: 1062 Duplicate entry 'jaeemekhan' for key 'USER_UNIQUE' [] []
[2019-07-23 17:47:05] api.ERROR: DataBase Error: SQLSTATE[23000]: Integrity constraint violation: 1062 Duplicate entry 'jaeemekhan' for key 'USER_UNIQUE' [] []
[2019-07-23 17:47:06] api.ERROR: DataBase Error: SQLSTATE[23000]: Integrity constraint violation: 1062 Duplicate entry 'jaeemekhan' for key 'USER_UNIQUE' [] []
[2019-07-23 17:47:06] api.ERROR: DataBase Error: SQLSTATE[23000]: Integrity constraint violation: 1062 Duplicate entry 'jaeemekhan' for key 'USER_UNIQUE' [] []
[2019-07-23 17:47:44] api.ERROR: DataBase Error: SQLSTATE[23000]: Integrity constraint violation: 1062 Duplicate entry 'jaeemekhan' for key 'USER_UNIQUE' [] []
[2019-11-22 11:16:48] api.ERROR: DataBase Error: SQLSTATE[23000]: Integrity constraint violation: 1048 Column 'USERNAME' cannot be null [] []
